# JRE version: Java(TM) SE Runtime Environment (8.0_191-b12) (build 1.8.0_191-b12)
# Java VM: Java HotSpot(TM) Client VM (25.191-b12 mixed mode windows-x86 )
Heap:
 def new generation   total 235968K, used 192046K [0x04a00000, 0x14a00000, 0x14a00000)
  eden space 209792K,  85% used [0x04a00000, 0x0f9ad078, 0x116e0000)
  from space 26176K,  46% used [0x116e0000, 0x122bea20, 0x13070000)
  to   space 26176K,   0% used [0x13070000, 0x13070000, 0x14a00000)
 tenured generation   total 524288K, used 70236K [0x14a00000, 0x34a00000, 0x34a00000)
   the space 524288K,  13% used [0x14a00000, 0x18e97158, 0x18e97200, 0x34a00000)
 Metaspace       used 33501K, capacity 33900K, committed 33920K, reserved 34176K
GC Heap History (10 events):
Event: 58.972 GC heap before
{Heap before GC invocations=7 (full 2):
 def new generation   total 235968K, used 223894K [0x04a00000, 0x14a00000, 0x14a00000)
  eden space 209792K,  98% used [0x04a00000, 0x1136ed08, 0x116e0000)
  from space 26176K,  67% used [0x13070000, 0x141a6c50, 0x14a00000)
  to   space 26176K,   0% used [0x116e0000, 0x116e0000, 0x13070000)
 tenured generation   total 524288K, used 25413K [0x14a00000, 0x34a00000, 0x34a00000)
   the space 524288K,   4% used [0x14a00000, 0x162d16c0, 0x162d1800, 0x34a00000)
 Metaspace       used 26871K, capacity 27191K, committed 27264K, reserved 28032K
Event: 59.154 GC heap after
Heap after GC invocations=8 (full 2):
 def new generation   total 235968K, used 9806K [0x04a00000, 0x14a00000, 0x14a00000)
  eden space 209792K,   0% used [0x04a00000, 0x04a00000, 0x116e0000)
  from space 26176K,  37% used [0x116e0000, 0x12073be8, 0x13070000)
  to   space 26176K,   0% used [0x13070000, 0x13070000, 0x14a00000)
 tenured generation   total 524288K, used 41922K [0x14a00000, 0x34a00000, 0x34a00000)
   the space 524288K,   7% used [0x14a00000, 0x172f0ae0, 0x172f0c00, 0x34a00000)
 Metaspace       used 26871K, capacity 27191K, committed 27264K, reserved 28032K
}
Event: 61.337 GC heap before
{Heap before GC invocations=8 (full 2):
 def new generation   total 235968K, used 213390K [0x04a00000, 0x14a00000, 0x14a00000)
  eden space 209792K,  97% used [0x04a00000, 0x110cfe50, 0x116e0000)
  from space 26176K,  37% used [0x116e0000, 0x12073be8, 0x13070000)
  to   space 26176K,   0% used [0x13070000, 0x13070000, 0x14a00000)
 tenured generation   total 524288K, used 41922K [0x14a00000, 0x34a00000, 0x34a00000)
   the space 524288K,   7% used [0x14a00000, 0x172f0ae0, 0x172f0c00, 0x34a00000)
 Metaspace       used 27105K, capacity 27435K, committed 27520K, reserved 28032K
Event: 61.542 GC heap after
Heap after GC invocations=9 (full 2):
 def new generation   total 235968K, used 22087K [0x04a00000, 0x14a00000, 0x14a00000)
  eden space 209792K,   0% used [0x04a00000, 0x04a00000, 0x116e0000)
  from space 26176K,  84% used [0x13070000, 0x14601d40, 0x14a00000)
  to   space 26176K,   0% used [0x116e0000, 0x116e0000, 0x13070000)
 tenured generation   total 524288K, used 41922K [0x14a00000, 0x34a00000, 0x34a00000)
   the space 524288K,   7% used [0x14a00000, 0x172f0ae0, 0x172f0c00, 0x34a00000)
 Metaspace       used 27105K, capacity 27435K, committed 27520K, reserved 28032K
}
Event: 72.656 GC heap before
{Heap before GC invocations=9 (full 2):
 def new generation   total 235968K, used 231879K [0x04a00000, 0x14a00000, 0x14a00000)
  eden space 209792K, 100% used [0x04a00000, 0x116e0000, 0x116e0000)
  from space 26176K,  84% used [0x13070000, 0x14601d40, 0x14a00000)
  to   space 26176K,   0% used [0x116e0000, 0x116e0000, 0x13070000)
 tenured generation   total 524288K, used 41922K [0x14a00000, 0x34a00000, 0x34a00000)
   the space 524288K,   7% used [0x14a00000, 0x172f0ae0, 0x172f0c00, 0x34a00000)
 Metaspace       used 28537K, capacity 28896K, committed 28928K, reserved 29056K
Event: 72.932 GC heap after
Heap after GC invocations=10 (full 2):
 def new generation   total 235968K, used 8254K [0x04a00000, 0x14a00000, 0x14a00000)
  eden space 209792K,   0% used [0x04a00000, 0x04a00000, 0x116e0000)
  from space 26176K,  31% used [0x116e0000, 0x11eef9b0, 0x13070000)
  to   space 26176K,   0% used [0x13070000, 0x13070000, 0x14a00000)
 tenured generation   total 524288K, used 63929K [0x14a00000, 0x34a00000, 0x34a00000)
   the space 524288K,  12% used [0x14a00000, 0x1886e7e8, 0x1886e800, 0x34a00000)
 Metaspace       used 28537K, capacity 28896K, committed 28928K, reserved 29056K
}
Event: 84.789 GC heap before
{Heap before GC invocations=10 (full 2):
 def new generation   total 235968K, used 218046K [0x04a00000, 0x14a00000, 0x14a00000)
  eden space 209792K, 100% used [0x04a00000, 0x116e0000, 0x116e0000)
  from space 26176K,  31% used [0x116e0000, 0x11eef9b0, 0x13070000)
  to   space 26176K,   0% used [0x13070000, 0x13070000, 0x14a00000)
 tenured generation   total 524288K, used 63929K [0x14a00000, 0x34a00000, 0x34a00000)
   the space 524288K,  12% used [0x14a00000, 0x1886e7e8, 0x1886e800, 0x34a00000)
 Metaspace       used 30187K, capacity 30552K, committed 30592K, reserved 31104K
Event: 84.916 GC heap after
Heap after GC invocations=11 (full 2):
 def new generation   total 235968K, used 13156K [0x04a00000, 0x14a00000, 0x14a00000)
  eden space 209792K,   0% used [0x04a00000, 0x04a00000, 0x116e0000)
  from space 26176K,  50% used [0x13070000, 0x13d49128, 0x14a00000)
  to   space 26176K,   0% used [0x116e0000, 0x116e0000, 0x13070000)
 tenured generation   total 524288K, used 63929K [0x14a00000, 0x34a00000, 0x34a00000)
   the space 524288K,  12% used [0x14a00000, 0x1886e7e8, 0x1886e800, 0x34a00000)
 Metaspace       used 30187K, capacity 30552K, committed 30592K, reserved 31104K
}
Event: 94.294 GC heap before
{Heap before GC invocations=11 (full 2):
 def new generation   total 235968K, used 222948K [0x04a00000, 0x14a00000, 0x14a00000)
  eden space 209792K, 100% used [0x04a00000, 0x116e0000, 0x116e0000)
  from space 26176K,  50% used [0x13070000, 0x13d49128, 0x14a00000)
  to   space 26176K,   0% used [0x116e0000, 0x116e0000, 0x13070000)
 tenured generation   total 524288K, used 63929K [0x14a00000, 0x34a00000, 0x34a00000)
   the space 524288K,  12% used [0x14a00000, 0x1886e7e8, 0x1886e800, 0x34a00000)
 Metaspace       used 31775K, capacity 32157K, committed 32256K, reserved 33152K
Event: 94.471 GC heap after
Heap after GC invocations=12 (full 2):
 def new generation   total 235968K, used 12154K [0x04a00000, 0x14a00000, 0x14a00000)
  eden space 209792K,   0% used [0x04a00000, 0x04a00000, 0x116e0000)
  from space 26176K,  46% used [0x116e0000, 0x122bea20, 0x13070000)
  to   space 26176K,   0% used [0x13070000, 0x13070000, 0x14a00000)
 tenured generation   total 524288K, used 70236K [0x14a00000, 0x34a00000, 0x34a00000)
   the space 524288K,  13% used [0x14a00000, 0x18e97158, 0x18e97200, 0x34a00000)
 Metaspace       used 31775K, capacity 32157K, committed 32256K, reserved 33152K
}

