# JRE version: Java(TM) SE Runtime Environment (8.0_191-b12) (build 1.8.0_191-b12)
# Java VM: Java HotSpot(TM) Client VM (25.191-b12 mixed mode windows-x86 )
Heap:
 def new generation   total 235968K, used 22021K [0x05000000, 0x15000000, 0x15000000)
  eden space 209792K,  10% used [0x05000000, 0x06581518, 0x11ce0000)
  from space 26176K,   0% used [0x11ce0000, 0x11ce0000, 0x13670000)
  to   space 26176K,   0% used [0x13670000, 0x13670000, 0x15000000)
 tenured generation   total 524288K, used 88753K [0x15000000, 0x35000000, 0x35000000)
   the space 524288K,  16% used [0x15000000, 0x1a6ac610, 0x1a6ac800, 0x35000000)
 Metaspace       used 33890K, capacity 34360K, committed 34432K, reserved 35200K
GC Heap History (10 events):
Event: 67.858 GC heap before
{Heap before GC invocations=8 (full 2):
 def new generation   total 235968K, used 220072K [0x05000000, 0x15000000, 0x15000000)
  eden space 209792K, 100% used [0x05000000, 0x11ce0000, 0x11ce0000)
  from space 26176K,  39% used [0x11ce0000, 0x126ea1a8, 0x13670000)
  to   space 26176K,   0% used [0x13670000, 0x13670000, 0x15000000)
 tenured generation   total 524288K, used 41283K [0x15000000, 0x35000000, 0x35000000)
   the space 524288K,   7% used [0x15000000, 0x17850c00, 0x17850c00, 0x35000000)
 Metaspace       used 27130K, capacity 27467K, committed 27520K, reserved 28032K
Event: 68.039 GC heap after
Heap after GC invocations=9 (full 2):
 def new generation   total 235968K, used 19915K [0x05000000, 0x15000000, 0x15000000)
  eden space 209792K,   0% used [0x05000000, 0x05000000, 0x11ce0000)
  from space 26176K,  76% used [0x13670000, 0x149e2f98, 0x15000000)
  to   space 26176K,   0% used [0x11ce0000, 0x11ce0000, 0x13670000)
 tenured generation   total 524288K, used 41283K [0x15000000, 0x35000000, 0x35000000)
   the space 524288K,   7% used [0x15000000, 0x17850c00, 0x17850c00, 0x35000000)
 Metaspace       used 27130K, capacity 27467K, committed 27520K, reserved 28032K
}
Event: 77.973 GC heap before
{Heap before GC invocations=9 (full 2):
 def new generation   total 235968K, used 229707K [0x05000000, 0x15000000, 0x15000000)
  eden space 209792K, 100% used [0x05000000, 0x11ce0000, 0x11ce0000)
  from space 26176K,  76% used [0x13670000, 0x149e2f98, 0x15000000)
  to   space 26176K,   0% used [0x11ce0000, 0x11ce0000, 0x13670000)
 tenured generation   total 524288K, used 41283K [0x15000000, 0x35000000, 0x35000000)
   the space 524288K,   7% used [0x15000000, 0x17850c00, 0x17850c00, 0x35000000)
 Metaspace       used 28609K, capacity 28960K, committed 29056K, reserved 29056K
Event: 78.248 GC heap after
Heap after GC invocations=10 (full 2):
 def new generation   total 235968K, used 22264K [0x05000000, 0x15000000, 0x15000000)
  eden space 209792K,   0% used [0x05000000, 0x05000000, 0x11ce0000)
  from space 26176K,  85% used [0x11ce0000, 0x1329e370, 0x13670000)
  to   space 26176K,   0% used [0x13670000, 0x13670000, 0x15000000)
 tenured generation   total 524288K, used 49939K [0x15000000, 0x35000000, 0x35000000)
   the space 524288K,   9% used [0x15000000, 0x180c4c38, 0x180c4e00, 0x35000000)
 Metaspace       used 28609K, capacity 28960K, committed 29056K, reserved 29056K
}
Event: 91.080 GC heap before
{Heap before GC invocations=10 (full 2):
 def new generation   total 235968K, used 232056K [0x05000000, 0x15000000, 0x15000000)
  eden space 209792K, 100% used [0x05000000, 0x11ce0000, 0x11ce0000)
  from space 26176K,  85% used [0x11ce0000, 0x1329e370, 0x13670000)
  to   space 26176K,   0% used [0x13670000, 0x13670000, 0x15000000)
 tenured generation   total 524288K, used 49939K [0x15000000, 0x35000000, 0x35000000)
   the space 524288K,   9% used [0x15000000, 0x180c4c38, 0x180c4e00, 0x35000000)
 Metaspace       used 30429K, capacity 30808K, committed 30848K, reserved 31104K
Event: 91.295 GC heap after
Heap after GC invocations=11 (full 2):
 def new generation   total 235968K, used 16052K [0x05000000, 0x15000000, 0x15000000)
  eden space 209792K,   0% used [0x05000000, 0x05000000, 0x11ce0000)
  from space 26176K,  61% used [0x13670000, 0x1461d148, 0x15000000)
  to   space 26176K,   0% used [0x11ce0000, 0x11ce0000, 0x13670000)
 tenured generation   total 524288K, used 61098K [0x15000000, 0x35000000, 0x35000000)
   the space 524288K,  11% used [0x15000000, 0x18baa988, 0x18baaa00, 0x35000000)
 Metaspace       used 30429K, capacity 30808K, committed 30848K, reserved 31104K
}
Event: 100.142 GC heap before
{Heap before GC invocations=11 (full 2):
 def new generation   total 235968K, used 225844K [0x05000000, 0x15000000, 0x15000000)
  eden space 209792K, 100% used [0x05000000, 0x11ce0000, 0x11ce0000)
  from space 26176K,  61% used [0x13670000, 0x1461d148, 0x15000000)
  to   space 26176K,   0% used [0x11ce0000, 0x11ce0000, 0x13670000)
 tenured generation   total 524288K, used 61098K [0x15000000, 0x35000000, 0x35000000)
   the space 524288K,  11% used [0x15000000, 0x18baa988, 0x18baaa00, 0x35000000)
 Metaspace       used 31831K, capacity 32221K, committed 32256K, reserved 33152K
Event: 100.338 GC heap after
Heap after GC invocations=12 (full 2):
 def new generation   total 235968K, used 12025K [0x05000000, 0x15000000, 0x15000000)
  eden space 209792K,   0% used [0x05000000, 0x05000000, 0x11ce0000)
  from space 26176K,  45% used [0x11ce0000, 0x1289e5c8, 0x13670000)
  to   space 26176K,   0% used [0x13670000, 0x13670000, 0x15000000)
 tenured generation   total 524288K, used 70169K [0x15000000, 0x35000000, 0x35000000)
   the space 524288K,  13% used [0x15000000, 0x194865a0, 0x19486600, 0x35000000)
 Metaspace       used 31831K, capacity 32221K, committed 32256K, reserved 33152K
}
Event: 104.440 GC heap before
{Heap before GC invocations=12 (full 2):
 def new generation   total 235968K, used 190526K [0x05000000, 0x15000000, 0x15000000)
  eden space 209792K,  85% used [0x05000000, 0x0fe515e8, 0x11ce0000)
  from space 26176K,  45% used [0x11ce0000, 0x1289e5c8, 0x13670000)
  to   space 26176K,   0% used [0x13670000, 0x13670000, 0x15000000)
 tenured generation   total 524288K, used 70169K [0x15000000, 0x35000000, 0x35000000)
   the space 524288K,  13% used [0x15000000, 0x194865a0, 0x19486600, 0x35000000)
 Metaspace       used 33683K, capacity 34136K, committed 34136K, reserved 34176K
Event: 105.295 GC heap after
Heap after GC invocations=13 (full 3):
 def new generation   total 235968K, used 0K [0x05000000, 0x15000000, 0x15000000)
  eden space 209792K,   0% used [0x05000000, 0x05000000, 0x11ce0000)
  from space 26176K,   0% used [0x11ce0000, 0x11ce0000, 0x13670000)
  to   space 26176K,   0% used [0x13670000, 0x13670000, 0x15000000)
 tenured generation   total 524288K, used 88753K [0x15000000, 0x35000000, 0x35000000)
   the space 524288K,  16% used [0x15000000, 0x1a6ac610, 0x1a6ac800, 0x35000000)
 Metaspace       used 33683K, capacity 34136K, committed 34136K, reserved 34176K
}

