# JRE version: Java(TM) SE Runtime Environment (8.0_161-b12) (build 1.8.0_161-b12)
# Java VM: Java HotSpot(TM) 64-Bit Server VM (25.161-b12 mixed mode windows-amd64 compressed oops)
Heap:
 PSYoungGen      total 222720K, used 213725K [0x00000000f0000000, 0x0000000100000000, 0x0000000100000000)
  eden space 183296K, 95% used [0x00000000f0000000,0x00000000faa9afe8,0x00000000fb300000)
  from space 39424K, 98% used [0x00000000fb300000,0x00000000fd91c730,0x00000000fd980000)
  to   space 39424K, 0% used [0x00000000fd980000,0x00000000fd980000,0x0000000100000000)
 ParOldGen       total 524288K, used 50533K [0x00000000d0000000, 0x00000000f0000000, 0x00000000f0000000)
  object space 524288K, 9% used [0x00000000d0000000,0x00000000d3159648,0x00000000f0000000)
 Metaspace       used 50054K, capacity 51248K, committed 51368K, reserved 1095680K
  class space    used 5243K, capacity 5541K, committed 5552K, reserved 1048576K
GC Heap History (10 events):
Event: 129.109 GC heap before
{Heap before GC invocations=11 (full 2):
 PSYoungGen      total 238080K, used 229064K [0x00000000f0000000, 0x0000000100000000, 0x0000000100000000)
  eden space 218112K, 99% used [0x00000000f0000000,0x00000000fd48f8d0,0x00000000fd500000)
  from space 19968K, 57% used [0x00000000fec80000,0x00000000ff7a28b0,0x0000000100000000)
  to   space 22016K, 0% used [0x00000000fd500000,0x00000000fd500000,0x00000000fea80000)
 ParOldGen       total 524288K, used 34200K [0x00000000d0000000, 0x00000000f0000000, 0x00000000f0000000)
  object space 524288K, 6% used [0x00000000d0000000,0x00000000d2166068,0x00000000f0000000)
 Metaspace       used 38905K, capacity 39588K, committed 39848K, reserved 1085440K
  class space    used 3861K, capacity 3993K, committed 4016K, reserved 1048576K
Event: 129.198 GC heap after
Heap after GC invocations=11 (full 2):
 PSYoungGen      total 235008K, used 16549K [0x00000000f0000000, 0x0000000100000000, 0x0000000100000000)
  eden space 218112K, 0% used [0x00000000f0000000,0x00000000f0000000,0x00000000fd500000)
  from space 16896K, 97% used [0x00000000fd500000,0x00000000fe529598,0x00000000fe580000)
  to   space 23040K, 0% used [0x00000000fe980000,0x00000000fe980000,0x0000000100000000)
 ParOldGen       total 524288K, used 34200K [0x00000000d0000000, 0x00000000f0000000, 0x00000000f0000000)
  object space 524288K, 6% used [0x00000000d0000000,0x00000000d2166068,0x00000000f0000000)
 Metaspace       used 38905K, capacity 39588K, committed 39848K, reserved 1085440K
  class space    used 3861K, capacity 3993K, committed 4016K, reserved 1048576K
}
Event: 137.538 GC heap before
{Heap before GC invocations=12 (full 2):
 PSYoungGen      total 235008K, used 234661K [0x00000000f0000000, 0x0000000100000000, 0x0000000100000000)
  eden space 218112K, 100% used [0x00000000f0000000,0x00000000fd500000,0x00000000fd500000)
  from space 16896K, 97% used [0x00000000fd500000,0x00000000fe529598,0x00000000fe580000)
  to   space 23040K, 0% used [0x00000000fe980000,0x00000000fe980000,0x0000000100000000)
 ParOldGen       total 524288K, used 34200K [0x00000000d0000000, 0x00000000f0000000, 0x00000000f0000000)
  object space 524288K, 6% used [0x00000000d0000000,0x00000000d2166068,0x00000000f0000000)
 Metaspace       used 40831K, capacity 41622K, committed 41768K, reserved 1087488K
  class space    used 4097K, capacity 4280K, committed 4400K, reserved 1048576K
Event: 137.911 GC heap after
Heap after GC invocations=12 (full 2):
 PSYoungGen      total 222720K, used 23033K [0x00000000f0000000, 0x0000000100000000, 0x0000000100000000)
  eden space 199680K, 0% used [0x00000000f0000000,0x00000000f0000000,0x00000000fc300000)
  from space 23040K, 99% used [0x00000000fe980000,0x00000000ffffe768,0x0000000100000000)
  to   space 31232K, 0% used [0x00000000fc300000,0x00000000fc300000,0x00000000fe180000)
 ParOldGen       total 524288K, used 49338K [0x00000000d0000000, 0x00000000f0000000, 0x00000000f0000000)
  object space 524288K, 9% used [0x00000000d0000000,0x00000000d302e998,0x00000000f0000000)
 Metaspace       used 40831K, capacity 41622K, committed 41768K, reserved 1087488K
  class space    used 4097K, capacity 4280K, committed 4400K, reserved 1048576K
}
Event: 147.779 GC heap before
{Heap before GC invocations=13 (full 2):
 PSYoungGen      total 222720K, used 222713K [0x00000000f0000000, 0x0000000100000000, 0x0000000100000000)
  eden space 199680K, 100% used [0x00000000f0000000,0x00000000fc300000,0x00000000fc300000)
  from space 23040K, 99% used [0x00000000fe980000,0x00000000ffffe768,0x0000000100000000)
  to   space 31232K, 0% used [0x00000000fc300000,0x00000000fc300000,0x00000000fe180000)
 ParOldGen       total 524288K, used 49338K [0x00000000d0000000, 0x00000000f0000000, 0x00000000f0000000)
  object space 524288K, 9% used [0x00000000d0000000,0x00000000d302e998,0x00000000f0000000)
 Metaspace       used 42618K, capacity 43498K, committed 43688K, reserved 1087488K
  class space    used 4444K, capacity 4671K, committed 4784K, reserved 1048576K
Event: 147.993 GC heap after
Heap after GC invocations=13 (full 2):
 PSYoungGen      total 228864K, used 28812K [0x00000000f0000000, 0x0000000100000000, 0x0000000100000000)
  eden space 199680K, 0% used [0x00000000f0000000,0x00000000f0000000,0x00000000fc300000)
  from space 29184K, 98% used [0x00000000fc300000,0x00000000fdf233e8,0x00000000fdf80000)
  to   space 33280K, 0% used [0x00000000fdf80000,0x00000000fdf80000,0x0000000100000000)
 ParOldGen       total 524288K, used 49346K [0x00000000d0000000, 0x00000000f0000000, 0x00000000f0000000)
  object space 524288K, 9% used [0x00000000d0000000,0x00000000d3030998,0x00000000f0000000)
 Metaspace       used 42618K, capacity 43498K, committed 43688K, reserved 1087488K
  class space    used 4444K, capacity 4671K, committed 4784K, reserved 1048576K
}
Event: 159.563 GC heap before
{Heap before GC invocations=14 (full 2):
 PSYoungGen      total 228864K, used 228492K [0x00000000f0000000, 0x0000000100000000, 0x0000000100000000)
  eden space 199680K, 100% used [0x00000000f0000000,0x00000000fc300000,0x00000000fc300000)
  from space 29184K, 98% used [0x00000000fc300000,0x00000000fdf233e8,0x00000000fdf80000)
  to   space 33280K, 0% used [0x00000000fdf80000,0x00000000fdf80000,0x0000000100000000)
 ParOldGen       total 524288K, used 49346K [0x00000000d0000000, 0x00000000f0000000, 0x00000000f0000000)
  object space 524288K, 9% used [0x00000000d0000000,0x00000000d3030998,0x00000000f0000000)
 Metaspace       used 45350K, capacity 46322K, committed 46632K, reserved 1091584K
  class space    used 4824K, capacity 5048K, committed 5168K, reserved 1048576K
Event: 159.821 GC heap after
Heap after GC invocations=14 (full 2):
 PSYoungGen      total 216576K, used 33267K [0x00000000f0000000, 0x0000000100000000, 0x0000000100000000)
  eden space 183296K, 0% used [0x00000000f0000000,0x00000000f0000000,0x00000000fb300000)
  from space 33280K, 99% used [0x00000000fdf80000,0x00000000ffffcfd0,0x0000000100000000)
  to   space 39424K, 0% used [0x00000000fb300000,0x00000000fb300000,0x00000000fd980000)
 ParOldGen       total 524288K, used 50525K [0x00000000d0000000, 0x00000000f0000000, 0x00000000f0000000)
  object space 524288K, 9% used [0x00000000d0000000,0x00000000d3157648,0x00000000f0000000)
 Metaspace       used 45350K, capacity 46322K, committed 46632K, reserved 1091584K
  class space    used 4824K, capacity 5048K, committed 5168K, reserved 1048576K
}
Event: 172.147 GC heap before
{Heap before GC invocations=15 (full 2):
 PSYoungGen      total 216576K, used 216563K [0x00000000f0000000, 0x0000000100000000, 0x0000000100000000)
  eden space 183296K, 100% used [0x00000000f0000000,0x00000000fb300000,0x00000000fb300000)
  from space 33280K, 99% used [0x00000000fdf80000,0x00000000ffffcfd0,0x0000000100000000)
  to   space 39424K, 0% used [0x00000000fb300000,0x00000000fb300000,0x00000000fd980000)
 ParOldGen       total 524288K, used 50525K [0x00000000d0000000, 0x00000000f0000000, 0x00000000f0000000)
  object space 524288K, 9% used [0x00000000d0000000,0x00000000d3157648,0x00000000f0000000)
 Metaspace       used 48541K, capacity 49494K, committed 49704K, reserved 1093632K
  class space    used 5133K, capacity 5375K, committed 5424K, reserved 1048576K
Event: 172.350 GC heap after
Heap after GC invocations=15 (full 2):
 PSYoungGen      total 222720K, used 39025K [0x00000000f0000000, 0x0000000100000000, 0x0000000100000000)
  eden space 183296K, 0% used [0x00000000f0000000,0x00000000f0000000,0x00000000fb300000)
  from space 39424K, 98% used [0x00000000fb300000,0x00000000fd91c730,0x00000000fd980000)
  to   space 39424K, 0% used [0x00000000fd980000,0x00000000fd980000,0x0000000100000000)
 ParOldGen       total 524288K, used 50533K [0x00000000d0000000, 0x00000000f0000000, 0x00000000f0000000)
  object space 524288K, 9% used [0x00000000d0000000,0x00000000d3159648,0x00000000f0000000)
 Metaspace       used 48541K, capacity 49494K, committed 49704K, reserved 1093632K
  class space    used 5133K, capacity 5375K, committed 5424K, reserved 1048576K
}

