# JRE version: Java(TM) SE Runtime Environment (8.0_161-b12) (build 1.8.0_161-b12)
# Java VM: Java HotSpot(TM) 64-Bit Server VM (25.161-b12 mixed mode windows-amd64 compressed oops)
Heap:
 PSYoungGen      total 222720K, used 217351K [0x00000000f0000000, 0x0000000100000000, 0x0000000100000000)
  eden space 183296K, 97% used [0x00000000f0000000,0x00000000fae34950,0x00000000fb300000)
  from space 39424K, 98% used [0x00000000fb300000,0x00000000fd90d5a8,0x00000000fd980000)
  to   space 39424K, 0% used [0x00000000fd980000,0x00000000fd980000,0x0000000100000000)
 ParOldGen       total 524288K, used 49320K [0x00000000d0000000, 0x00000000f0000000, 0x00000000f0000000)
  object space 524288K, 9% used [0x00000000d0000000,0x00000000d302a380,0x00000000f0000000)
 Metaspace       used 50194K, capacity 51368K, committed 51624K, reserved 1095680K
  class space    used 5243K, capacity 5539K, committed 5552K, reserved 1048576K
GC Heap History (10 events):
Event: 51.251 GC heap before
{Heap before GC invocations=11 (full 2):
 PSYoungGen      total 238592K, used 224660K [0x00000000f0000000, 0x0000000100000000, 0x0000000100000000)
  eden space 219136K, 97% used [0x00000000f0000000,0x00000000fcff9af8,0x00000000fd600000)
  from space 19456K, 60% used [0x00000000fed00000,0x00000000ff86b758,0x0000000100000000)
  to   space 21504K, 0% used [0x00000000fd600000,0x00000000fd600000,0x00000000feb00000)
 ParOldGen       total 524288K, used 33080K [0x00000000d0000000, 0x00000000f0000000, 0x00000000f0000000)
  object space 524288K, 6% used [0x00000000d0000000,0x00000000d204e1c8,0x00000000f0000000)
 Metaspace       used 39040K, capacity 39716K, committed 40104K, reserved 1085440K
  class space    used 3860K, capacity 3993K, committed 4016K, reserved 1048576K
Event: 51.324 GC heap after
Heap after GC invocations=11 (full 2):
 PSYoungGen      total 236544K, used 17203K [0x00000000f0000000, 0x0000000100000000, 0x0000000100000000)
  eden space 219136K, 0% used [0x00000000f0000000,0x00000000f0000000,0x00000000fd600000)
  from space 17408K, 98% used [0x00000000fd600000,0x00000000fe6ccc88,0x00000000fe700000)
  to   space 22528K, 0% used [0x00000000fea00000,0x00000000fea00000,0x0000000100000000)
 ParOldGen       total 524288K, used 33080K [0x00000000d0000000, 0x00000000f0000000, 0x00000000f0000000)
  object space 524288K, 6% used [0x00000000d0000000,0x00000000d204e1c8,0x00000000f0000000)
 Metaspace       used 39040K, capacity 39716K, committed 40104K, reserved 1085440K
  class space    used 3860K, capacity 3993K, committed 4016K, reserved 1048576K
}
Event: 55.711 GC heap before
{Heap before GC invocations=12 (full 2):
 PSYoungGen      total 236544K, used 236339K [0x00000000f0000000, 0x0000000100000000, 0x0000000100000000)
  eden space 219136K, 100% used [0x00000000f0000000,0x00000000fd600000,0x00000000fd600000)
  from space 17408K, 98% used [0x00000000fd600000,0x00000000fe6ccc88,0x00000000fe700000)
  to   space 22528K, 0% used [0x00000000fea00000,0x00000000fea00000,0x0000000100000000)
 ParOldGen       total 524288K, used 33080K [0x00000000d0000000, 0x00000000f0000000, 0x00000000f0000000)
  object space 524288K, 6% used [0x00000000d0000000,0x00000000d204e1c8,0x00000000f0000000)
 Metaspace       used 40902K, capacity 41636K, committed 41896K, reserved 1087488K
  class space    used 4082K, capacity 4242K, committed 4272K, reserved 1048576K
Event: 55.880 GC heap after
Heap after GC invocations=12 (full 2):
 PSYoungGen      total 222208K, used 22522K [0x00000000f0000000, 0x0000000100000000, 0x0000000100000000)
  eden space 199680K, 0% used [0x00000000f0000000,0x00000000f0000000,0x00000000fc300000)
  from space 22528K, 99% used [0x00000000fea00000,0x00000000ffffeb40,0x0000000100000000)
  to   space 31232K, 0% used [0x00000000fc300000,0x00000000fc300000,0x00000000fe180000)
 ParOldGen       total 524288K, used 48773K [0x00000000d0000000, 0x00000000f0000000, 0x00000000f0000000)
  object space 524288K, 9% used [0x00000000d0000000,0x00000000d2fa1430,0x00000000f0000000)
 Metaspace       used 40902K, capacity 41636K, committed 41896K, reserved 1087488K
  class space    used 4082K, capacity 4242K, committed 4272K, reserved 1048576K
}
Event: 60.949 GC heap before
{Heap before GC invocations=13 (full 2):
 PSYoungGen      total 222208K, used 222202K [0x00000000f0000000, 0x0000000100000000, 0x0000000100000000)
  eden space 199680K, 100% used [0x00000000f0000000,0x00000000fc300000,0x00000000fc300000)
  from space 22528K, 99% used [0x00000000fea00000,0x00000000ffffeb40,0x0000000100000000)
  to   space 31232K, 0% used [0x00000000fc300000,0x00000000fc300000,0x00000000fe180000)
 ParOldGen       total 524288K, used 48773K [0x00000000d0000000, 0x00000000f0000000, 0x00000000f0000000)
  object space 524288K, 9% used [0x00000000d0000000,0x00000000d2fa1430,0x00000000f0000000)
 Metaspace       used 42565K, capacity 43426K, committed 43560K, reserved 1087488K
  class space    used 4402K, capacity 4604K, committed 4656K, reserved 1048576K
Event: 61.134 GC heap after
Heap after GC invocations=13 (full 2):
 PSYoungGen      total 228352K, used 28181K [0x00000000f0000000, 0x0000000100000000, 0x0000000100000000)
  eden space 199680K, 0% used [0x00000000f0000000,0x00000000f0000000,0x00000000fc300000)
  from space 28672K, 98% used [0x00000000fc300000,0x00000000fde85660,0x00000000fdf00000)
  to   space 33792K, 0% used [0x00000000fdf00000,0x00000000fdf00000,0x0000000100000000)
 ParOldGen       total 524288K, used 48773K [0x00000000d0000000, 0x00000000f0000000, 0x00000000f0000000)
  object space 524288K, 9% used [0x00000000d0000000,0x00000000d2fa1430,0x00000000f0000000)
 Metaspace       used 42565K, capacity 43426K, committed 43560K, reserved 1087488K
  class space    used 4402K, capacity 4604K, committed 4656K, reserved 1048576K
}
Event: 66.367 GC heap before
{Heap before GC invocations=14 (full 2):
 PSYoungGen      total 228352K, used 227861K [0x00000000f0000000, 0x0000000100000000, 0x0000000100000000)
  eden space 199680K, 100% used [0x00000000f0000000,0x00000000fc300000,0x00000000fc300000)
  from space 28672K, 98% used [0x00000000fc300000,0x00000000fde85660,0x00000000fdf00000)
  to   space 33792K, 0% used [0x00000000fdf00000,0x00000000fdf00000,0x0000000100000000)
 ParOldGen       total 524288K, used 48773K [0x00000000d0000000, 0x00000000f0000000, 0x00000000f0000000)
  object space 524288K, 9% used [0x00000000d0000000,0x00000000d2fa1430,0x00000000f0000000)
 Metaspace       used 45475K, capacity 46442K, committed 46632K, reserved 1091584K
  class space    used 4812K, capacity 5046K, committed 5168K, reserved 1048576K
Event: 66.515 GC heap after
Heap after GC invocations=14 (full 2):
 PSYoungGen      total 217088K, used 33785K [0x00000000f0000000, 0x0000000100000000, 0x0000000100000000)
  eden space 183296K, 0% used [0x00000000f0000000,0x00000000f0000000,0x00000000fb300000)
  from space 33792K, 99% used [0x00000000fdf00000,0x00000000ffffe5c0,0x0000000100000000)
  to   space 39424K, 0% used [0x00000000fb300000,0x00000000fb300000,0x00000000fd980000)
 ParOldGen       total 524288K, used 49312K [0x00000000d0000000, 0x00000000f0000000, 0x00000000f0000000)
  object space 524288K, 9% used [0x00000000d0000000,0x00000000d3028380,0x00000000f0000000)
 Metaspace       used 45475K, capacity 46442K, committed 46632K, reserved 1091584K
  class space    used 4812K, capacity 5046K, committed 5168K, reserved 1048576K
}
Event: 72.827 GC heap before
{Heap before GC invocations=15 (full 2):
 PSYoungGen      total 217088K, used 217081K [0x00000000f0000000, 0x0000000100000000, 0x0000000100000000)
  eden space 183296K, 100% used [0x00000000f0000000,0x00000000fb300000,0x00000000fb300000)
  from space 33792K, 99% used [0x00000000fdf00000,0x00000000ffffe5c0,0x0000000100000000)
  to   space 39424K, 0% used [0x00000000fb300000,0x00000000fb300000,0x00000000fd980000)
 ParOldGen       total 524288K, used 49312K [0x00000000d0000000, 0x00000000f0000000, 0x00000000f0000000)
  object space 524288K, 9% used [0x00000000d0000000,0x00000000d3028380,0x00000000f0000000)
 Metaspace       used 48672K, capacity 49690K, committed 49960K, reserved 1093632K
  class space    used 5129K, capacity 5375K, committed 5424K, reserved 1048576K
Event: 72.996 GC heap after
Heap after GC invocations=15 (full 2):
 PSYoungGen      total 222720K, used 38965K [0x00000000f0000000, 0x0000000100000000, 0x0000000100000000)
  eden space 183296K, 0% used [0x00000000f0000000,0x00000000f0000000,0x00000000fb300000)
  from space 39424K, 98% used [0x00000000fb300000,0x00000000fd90d5a8,0x00000000fd980000)
  to   space 39424K, 0% used [0x00000000fd980000,0x00000000fd980000,0x0000000100000000)
 ParOldGen       total 524288K, used 49320K [0x00000000d0000000, 0x00000000f0000000, 0x00000000f0000000)
  object space 524288K, 9% used [0x00000000d0000000,0x00000000d302a380,0x00000000f0000000)
 Metaspace       used 48672K, capacity 49690K, committed 49960K, reserved 1093632K
  class space    used 5129K, capacity 5375K, committed 5424K, reserved 1048576K
}

