# JRE version: Java(TM) SE Runtime Environment (8.0_191-b12) (build 1.8.0_191-b12)
# Java VM: Java HotSpot(TM) Client VM (25.191-b12 mixed mode windows-x86 )
Heap:
 def new generation   total 235968K, used 192026K [0x04800000, 0x14800000, 0x14800000)
  eden space 209792K,  85% used [0x04800000, 0x0f7a8898, 0x114e0000)
  from space 26176K,  46% used [0x114e0000, 0x120be118, 0x12e70000)
  to   space 26176K,   0% used [0x12e70000, 0x12e70000, 0x14800000)
 tenured generation   total 524288K, used 70143K [0x14800000, 0x34800000, 0x34800000)
   the space 524288K,  13% used [0x14800000, 0x18c7ffc8, 0x18c80000, 0x34800000)
 Metaspace       used 33514K, capacity 33932K, committed 34048K, reserved 34176K
GC Heap History (10 events):
Event: 68.280 GC heap before
{Heap before GC invocations=7 (full 2):
 def new generation   total 235968K, used 224323K [0x04800000, 0x14800000, 0x14800000)
  eden space 209792K,  98% used [0x04800000, 0x111eda40, 0x114e0000)
  from space 26176K,  67% used [0x12e70000, 0x13f93300, 0x14800000)
  to   space 26176K,   0% used [0x114e0000, 0x114e0000, 0x12e70000)
 tenured generation   total 524288K, used 25284K [0x14800000, 0x34800000, 0x34800000)
   the space 524288K,   4% used [0x14800000, 0x160b1208, 0x160b1400, 0x34800000)
 Metaspace       used 26883K, capacity 27191K, committed 27264K, reserved 28032K
Event: 68.436 GC heap after
Heap after GC invocations=8 (full 2):
 def new generation   total 235968K, used 9806K [0x04800000, 0x14800000, 0x14800000)
  eden space 209792K,   0% used [0x04800000, 0x04800000, 0x114e0000)
  from space 26176K,  37% used [0x114e0000, 0x11e73be8, 0x12e70000)
  to   space 26176K,   0% used [0x12e70000, 0x12e70000, 0x14800000)
 tenured generation   total 524288K, used 41823K [0x14800000, 0x34800000, 0x34800000)
   the space 524288K,   7% used [0x14800000, 0x170d7ce0, 0x170d7e00, 0x34800000)
 Metaspace       used 26883K, capacity 27191K, committed 27264K, reserved 28032K
}
Event: 70.238 GC heap before
{Heap before GC invocations=8 (full 2):
 def new generation   total 235968K, used 213490K [0x04800000, 0x14800000, 0x14800000)
  eden space 209792K,  97% used [0x04800000, 0x10ee8ea8, 0x114e0000)
  from space 26176K,  37% used [0x114e0000, 0x11e73be8, 0x12e70000)
  to   space 26176K,   0% used [0x12e70000, 0x12e70000, 0x14800000)
 tenured generation   total 524288K, used 41823K [0x14800000, 0x34800000, 0x34800000)
   the space 524288K,   7% used [0x14800000, 0x170d7ce0, 0x170d7e00, 0x34800000)
 Metaspace       used 27119K, capacity 27435K, committed 27520K, reserved 28032K
Event: 70.427 GC heap after
Heap after GC invocations=9 (full 2):
 def new generation   total 235968K, used 22094K [0x04800000, 0x14800000, 0x14800000)
  eden space 209792K,   0% used [0x04800000, 0x04800000, 0x114e0000)
  from space 26176K,  84% used [0x12e70000, 0x14403b00, 0x14800000)
  to   space 26176K,   0% used [0x114e0000, 0x114e0000, 0x12e70000)
 tenured generation   total 524288K, used 41823K [0x14800000, 0x34800000, 0x34800000)
   the space 524288K,   7% used [0x14800000, 0x170d7ce0, 0x170d7e00, 0x34800000)
 Metaspace       used 27119K, capacity 27435K, committed 27520K, reserved 28032K
}
Event: 76.033 GC heap before
{Heap before GC invocations=9 (full 2):
 def new generation   total 235968K, used 231886K [0x04800000, 0x14800000, 0x14800000)
  eden space 209792K, 100% used [0x04800000, 0x114e0000, 0x114e0000)
  from space 26176K,  84% used [0x12e70000, 0x14403b00, 0x14800000)
  to   space 26176K,   0% used [0x114e0000, 0x114e0000, 0x12e70000)
 tenured generation   total 524288K, used 41823K [0x14800000, 0x34800000, 0x34800000)
   the space 524288K,   7% used [0x14800000, 0x170d7ce0, 0x170d7e00, 0x34800000)
 Metaspace       used 28550K, capacity 28896K, committed 28928K, reserved 29056K
Event: 76.268 GC heap after
Heap after GC invocations=10 (full 2):
 def new generation   total 235968K, used 8254K [0x04800000, 0x14800000, 0x14800000)
  eden space 209792K,   0% used [0x04800000, 0x04800000, 0x114e0000)
  from space 26176K,  31% used [0x114e0000, 0x11cef840, 0x12e70000)
  to   space 26176K,   0% used [0x12e70000, 0x12e70000, 0x14800000)
 tenured generation   total 524288K, used 63837K [0x14800000, 0x34800000, 0x34800000)
   the space 524288K,  12% used [0x14800000, 0x18657790, 0x18657800, 0x34800000)
 Metaspace       used 28550K, capacity 28896K, committed 28928K, reserved 29056K
}
Event: 83.120 GC heap before
{Heap before GC invocations=10 (full 2):
 def new generation   total 235968K, used 218046K [0x04800000, 0x14800000, 0x14800000)
  eden space 209792K, 100% used [0x04800000, 0x114e0000, 0x114e0000)
  from space 26176K,  31% used [0x114e0000, 0x11cef840, 0x12e70000)
  to   space 26176K,   0% used [0x12e70000, 0x12e70000, 0x14800000)
 tenured generation   total 524288K, used 63837K [0x14800000, 0x34800000, 0x34800000)
   the space 524288K,  12% used [0x14800000, 0x18657790, 0x18657800, 0x34800000)
 Metaspace       used 30201K, capacity 30552K, committed 30592K, reserved 31104K
Event: 83.232 GC heap after
Heap after GC invocations=11 (full 2):
 def new generation   total 235968K, used 13153K [0x04800000, 0x14800000, 0x14800000)
  eden space 209792K,   0% used [0x04800000, 0x04800000, 0x114e0000)
  from space 26176K,  50% used [0x12e70000, 0x13b487c8, 0x14800000)
  to   space 26176K,   0% used [0x114e0000, 0x114e0000, 0x12e70000)
 tenured generation   total 524288K, used 63837K [0x14800000, 0x34800000, 0x34800000)
   the space 524288K,  12% used [0x14800000, 0x18657790, 0x18657800, 0x34800000)
 Metaspace       used 30201K, capacity 30552K, committed 30592K, reserved 31104K
}
Event: 89.555 GC heap before
{Heap before GC invocations=11 (full 2):
 def new generation   total 235968K, used 222945K [0x04800000, 0x14800000, 0x14800000)
  eden space 209792K, 100% used [0x04800000, 0x114e0000, 0x114e0000)
  from space 26176K,  50% used [0x12e70000, 0x13b487c8, 0x14800000)
  to   space 26176K,   0% used [0x114e0000, 0x114e0000, 0x12e70000)
 tenured generation   total 524288K, used 63837K [0x14800000, 0x34800000, 0x34800000)
   the space 524288K,  12% used [0x14800000, 0x18657790, 0x18657800, 0x34800000)
 Metaspace       used 31789K, capacity 32189K, committed 32256K, reserved 33152K
Event: 89.716 GC heap after
Heap after GC invocations=12 (full 2):
 def new generation   total 235968K, used 12152K [0x04800000, 0x14800000, 0x14800000)
  eden space 209792K,   0% used [0x04800000, 0x04800000, 0x114e0000)
  from space 26176K,  46% used [0x114e0000, 0x120be118, 0x12e70000)
  to   space 26176K,   0% used [0x12e70000, 0x12e70000, 0x14800000)
 tenured generation   total 524288K, used 70143K [0x14800000, 0x34800000, 0x34800000)
   the space 524288K,  13% used [0x14800000, 0x18c7ffc8, 0x18c80000, 0x34800000)
 Metaspace       used 31789K, capacity 32189K, committed 32256K, reserved 33152K
}

