# JRE version: Java(TM) SE Runtime Environment (8.0_161-b12) (build 1.8.0_161-b12)
# Java VM: Java HotSpot(TM) 64-Bit Server VM (25.161-b12 mixed mode windows-amd64 compressed oops)
Heap:
 PSYoungGen      total 222208K, used 220607K [0x00000000f0000000, 0x0000000100000000, 0x0000000100000000)
  eden space 183296K, 99% used [0x00000000f0000000,0x00000000fb195298,0x00000000fb300000)
  from space 38912K, 99% used [0x00000000fb300000,0x00000000fd8dad28,0x00000000fd900000)
  to   space 39936K, 0% used [0x00000000fd900000,0x00000000fd900000,0x0000000100000000)
 ParOldGen       total 524288K, used 49790K [0x00000000d0000000, 0x00000000f0000000, 0x00000000f0000000)
  object space 524288K, 9% used [0x00000000d0000000,0x00000000d309fb80,0x00000000f0000000)
 Metaspace       used 50191K, capacity 51376K, committed 51624K, reserved 1095680K
  class space    used 5246K, capacity 5541K, committed 5552K, reserved 1048576K
GC Heap History (10 events):
Event: 62.444 GC heap before
{Heap before GC invocations=11 (full 2):
 PSYoungGen      total 238080K, used 222984K [0x00000000f0000000, 0x0000000100000000, 0x0000000100000000)
  eden space 218112K, 96% used [0x00000000f0000000,0x00000000fce630d0,0x00000000fd500000)
  from space 19968K, 58% used [0x00000000fec80000,0x00000000ff7df2f8,0x0000000100000000)
  to   space 22016K, 0% used [0x00000000fd500000,0x00000000fd500000,0x00000000fea80000)
 ParOldGen       total 524288K, used 33699K [0x00000000d0000000, 0x00000000f0000000, 0x00000000f0000000)
  object space 524288K, 6% used [0x00000000d0000000,0x00000000d20e8f60,0x00000000f0000000)
 Metaspace       used 39053K, capacity 39716K, committed 39848K, reserved 1085440K
  class space    used 3863K, capacity 3993K, committed 4016K, reserved 1048576K
Event: 62.506 GC heap after
Heap after GC invocations=11 (full 2):
 PSYoungGen      total 235520K, used 16969K [0x00000000f0000000, 0x0000000100000000, 0x0000000100000000)
  eden space 218112K, 0% used [0x00000000f0000000,0x00000000f0000000,0x00000000fd500000)
  from space 17408K, 97% used [0x00000000fd500000,0x00000000fe5927e0,0x00000000fe600000)
  to   space 22528K, 0% used [0x00000000fea00000,0x00000000fea00000,0x0000000100000000)
 ParOldGen       total 524288K, used 33699K [0x00000000d0000000, 0x00000000f0000000, 0x00000000f0000000)
  object space 524288K, 6% used [0x00000000d0000000,0x00000000d20e8f60,0x00000000f0000000)
 Metaspace       used 39053K, capacity 39716K, committed 39848K, reserved 1085440K
  class space    used 3863K, capacity 3993K, committed 4016K, reserved 1048576K
}
Event: 67.178 GC heap before
{Heap before GC invocations=12 (full 2):
 PSYoungGen      total 235520K, used 235081K [0x00000000f0000000, 0x0000000100000000, 0x0000000100000000)
  eden space 218112K, 100% used [0x00000000f0000000,0x00000000fd500000,0x00000000fd500000)
  from space 17408K, 97% used [0x00000000fd500000,0x00000000fe5927e0,0x00000000fe600000)
  to   space 22528K, 0% used [0x00000000fea00000,0x00000000fea00000,0x0000000100000000)
 ParOldGen       total 524288K, used 33699K [0x00000000d0000000, 0x00000000f0000000, 0x00000000f0000000)
  object space 524288K, 6% used [0x00000000d0000000,0x00000000d20e8f60,0x00000000f0000000)
 Metaspace       used 40939K, capacity 41686K, committed 42024K, reserved 1087488K
  class space    used 4097K, capacity 4280K, committed 4400K, reserved 1048576K
Event: 67.344 GC heap after
Heap after GC invocations=12 (full 2):
 PSYoungGen      total 222208K, used 22526K [0x00000000f0000000, 0x0000000100000000, 0x0000000100000000)
  eden space 199680K, 0% used [0x00000000f0000000,0x00000000f0000000,0x00000000fc300000)
  from space 22528K, 99% used [0x00000000fea00000,0x00000000fffff8f0,0x0000000100000000)
  to   space 31232K, 0% used [0x00000000fc300000,0x00000000fc300000,0x00000000fe180000)
 ParOldGen       total 524288K, used 49782K [0x00000000d0000000, 0x00000000f0000000, 0x00000000f0000000)
  object space 524288K, 9% used [0x00000000d0000000,0x00000000d309db80,0x00000000f0000000)
 Metaspace       used 40939K, capacity 41686K, committed 42024K, reserved 1087488K
  class space    used 4097K, capacity 4280K, committed 4400K, reserved 1048576K
}
Event: 76.779 GC heap before
{Heap before GC invocations=13 (full 2):
 PSYoungGen      total 222208K, used 222206K [0x00000000f0000000, 0x0000000100000000, 0x0000000100000000)
  eden space 199680K, 100% used [0x00000000f0000000,0x00000000fc300000,0x00000000fc300000)
  from space 22528K, 99% used [0x00000000fea00000,0x00000000fffff8f0,0x0000000100000000)
  to   space 31232K, 0% used [0x00000000fc300000,0x00000000fc300000,0x00000000fe180000)
 ParOldGen       total 524288K, used 49782K [0x00000000d0000000, 0x00000000f0000000, 0x00000000f0000000)
  object space 524288K, 9% used [0x00000000d0000000,0x00000000d309db80,0x00000000f0000000)
 Metaspace       used 42508K, capacity 43426K, committed 43560K, reserved 1087488K
  class space    used 4401K, capacity 4604K, committed 4656K, reserved 1048576K
Event: 76.919 GC heap after
Heap after GC invocations=13 (full 2):
 PSYoungGen      total 227840K, used 27896K [0x00000000f0000000, 0x0000000100000000, 0x0000000100000000)
  eden space 199680K, 0% used [0x00000000f0000000,0x00000000f0000000,0x00000000fc300000)
  from space 28160K, 99% used [0x00000000fc300000,0x00000000fde3e238,0x00000000fde80000)
  to   space 34304K, 0% used [0x00000000fde80000,0x00000000fde80000,0x0000000100000000)
 ParOldGen       total 524288K, used 49782K [0x00000000d0000000, 0x00000000f0000000, 0x00000000f0000000)
  object space 524288K, 9% used [0x00000000d0000000,0x00000000d309db80,0x00000000f0000000)
 Metaspace       used 42508K, capacity 43426K, committed 43560K, reserved 1087488K
  class space    used 4401K, capacity 4604K, committed 4656K, reserved 1048576K
}
Event: 83.309 GC heap before
{Heap before GC invocations=14 (full 2):
 PSYoungGen      total 227840K, used 227576K [0x00000000f0000000, 0x0000000100000000, 0x0000000100000000)
  eden space 199680K, 100% used [0x00000000f0000000,0x00000000fc300000,0x00000000fc300000)
  from space 28160K, 99% used [0x00000000fc300000,0x00000000fde3e238,0x00000000fde80000)
  to   space 34304K, 0% used [0x00000000fde80000,0x00000000fde80000,0x0000000100000000)
 ParOldGen       total 524288K, used 49782K [0x00000000d0000000, 0x00000000f0000000, 0x00000000f0000000)
  object space 524288K, 9% used [0x00000000d0000000,0x00000000d309db80,0x00000000f0000000)
 Metaspace       used 45405K, capacity 46374K, committed 46632K, reserved 1091584K
  class space    used 4813K, capacity 5046K, committed 5168K, reserved 1048576K
Event: 83.563 GC heap after
Heap after GC invocations=14 (full 2):
 PSYoungGen      total 217600K, used 34211K [0x00000000f0000000, 0x0000000100000000, 0x0000000100000000)
  eden space 183296K, 0% used [0x00000000f0000000,0x00000000f0000000,0x00000000fb300000)
  from space 34304K, 99% used [0x00000000fde80000,0x00000000fffe8c18,0x0000000100000000)
  to   space 39424K, 0% used [0x00000000fb300000,0x00000000fb300000,0x00000000fd980000)
 ParOldGen       total 524288K, used 49782K [0x00000000d0000000, 0x00000000f0000000, 0x00000000f0000000)
  object space 524288K, 9% used [0x00000000d0000000,0x00000000d309db80,0x00000000f0000000)
 Metaspace       used 45405K, capacity 46374K, committed 46632K, reserved 1091584K
  class space    used 4813K, capacity 5046K, committed 5168K, reserved 1048576K
}
Event: 89.116 GC heap before
{Heap before GC invocations=15 (full 2):
 PSYoungGen      total 217600K, used 217507K [0x00000000f0000000, 0x0000000100000000, 0x0000000100000000)
  eden space 183296K, 100% used [0x00000000f0000000,0x00000000fb300000,0x00000000fb300000)
  from space 34304K, 99% used [0x00000000fde80000,0x00000000fffe8c18,0x0000000100000000)
  to   space 39424K, 0% used [0x00000000fb300000,0x00000000fb300000,0x00000000fd980000)
 ParOldGen       total 524288K, used 49782K [0x00000000d0000000, 0x00000000f0000000, 0x00000000f0000000)
  object space 524288K, 9% used [0x00000000d0000000,0x00000000d309db80,0x00000000f0000000)
 Metaspace       used 48606K, capacity 49622K, committed 49704K, reserved 1093632K
  class space    used 5130K, capacity 5375K, committed 5424K, reserved 1048576K
Event: 89.289 GC heap after
Heap after GC invocations=15 (full 2):
 PSYoungGen      total 222208K, used 38763K [0x00000000f0000000, 0x0000000100000000, 0x0000000100000000)
  eden space 183296K, 0% used [0x00000000f0000000,0x00000000f0000000,0x00000000fb300000)
  from space 38912K, 99% used [0x00000000fb300000,0x00000000fd8dad28,0x00000000fd900000)
  to   space 39936K, 0% used [0x00000000fd900000,0x00000000fd900000,0x0000000100000000)
 ParOldGen       total 524288K, used 49790K [0x00000000d0000000, 0x00000000f0000000, 0x00000000f0000000)
  object space 524288K, 9% used [0x00000000d0000000,0x00000000d309fb80,0x00000000f0000000)
 Metaspace       used 48606K, capacity 49622K, committed 49704K, reserved 1093632K
  class space    used 5130K, capacity 5375K, committed 5424K, reserved 1048576K
}

