# JRE version: Java(TM) SE Runtime Environment (8.0_191-b12) (build 1.8.0_191-b12)
# Java VM: Java HotSpot(TM) Client VM (25.191-b12 mixed mode windows-x86 )
Heap:
 def new generation   total 235968K, used 191929K [0x04800000, 0x14800000, 0x14800000)
  eden space 209792K,  85% used [0x04800000, 0x0f78f398, 0x114e0000)
  from space 26176K,  46% used [0x114e0000, 0x120bf160, 0x12e70000)
  to   space 26176K,   0% used [0x12e70000, 0x12e70000, 0x14800000)
 tenured generation   total 524288K, used 70006K [0x14800000, 0x34800000, 0x34800000)
   the space 524288K,  13% used [0x14800000, 0x18c5da20, 0x18c5dc00, 0x34800000)
 Metaspace       used 33514K, capacity 33932K, committed 34048K, reserved 34176K
GC Heap History (10 events):
Event: 69.207 GC heap before
{Heap before GC invocations=7 (full 2):
 def new generation   total 235968K, used 223207K [0x04800000, 0x14800000, 0x14800000)
  eden space 209792K,  98% used [0x04800000, 0x11119fb0, 0x114e0000)
  from space 26176K,  66% used [0x12e70000, 0x13f4feb0, 0x14800000)
  to   space 26176K,   0% used [0x114e0000, 0x114e0000, 0x12e70000)
 tenured generation   total 524288K, used 25377K [0x14800000, 0x34800000, 0x34800000)
   the space 524288K,   4% used [0x14800000, 0x160c8730, 0x160c8800, 0x34800000)
 Metaspace       used 26883K, capacity 27223K, committed 27264K, reserved 28032K
Event: 69.383 GC heap after
Heap after GC invocations=8 (full 2):
 def new generation   total 235968K, used 9699K [0x04800000, 0x14800000, 0x14800000)
  eden space 209792K,   0% used [0x04800000, 0x04800000, 0x114e0000)
  from space 26176K,  37% used [0x114e0000, 0x11e58c68, 0x12e70000)
  to   space 26176K,   0% used [0x12e70000, 0x12e70000, 0x14800000)
 tenured generation   total 524288K, used 41689K [0x14800000, 0x34800000, 0x34800000)
   the space 524288K,   7% used [0x14800000, 0x170b6400, 0x170b6400, 0x34800000)
 Metaspace       used 26883K, capacity 27223K, committed 27264K, reserved 28032K
}
Event: 72.560 GC heap before
{Heap before GC invocations=8 (full 2):
 def new generation   total 235968K, used 213252K [0x04800000, 0x14800000, 0x14800000)
  eden space 209792K,  97% used [0x04800000, 0x10ec84d0, 0x114e0000)
  from space 26176K,  37% used [0x114e0000, 0x11e58c68, 0x12e70000)
  to   space 26176K,   0% used [0x12e70000, 0x12e70000, 0x14800000)
 tenured generation   total 524288K, used 41689K [0x14800000, 0x34800000, 0x34800000)
   the space 524288K,   7% used [0x14800000, 0x170b6400, 0x170b6400, 0x34800000)
 Metaspace       used 27118K, capacity 27435K, committed 27520K, reserved 28032K
Event: 72.784 GC heap after
Heap after GC invocations=9 (full 2):
 def new generation   total 235968K, used 22089K [0x04800000, 0x14800000, 0x14800000)
  eden space 209792K,   0% used [0x04800000, 0x04800000, 0x114e0000)
  from space 26176K,  84% used [0x12e70000, 0x14402798, 0x14800000)
  to   space 26176K,   0% used [0x114e0000, 0x114e0000, 0x12e70000)
 tenured generation   total 524288K, used 41689K [0x14800000, 0x34800000, 0x34800000)
   the space 524288K,   7% used [0x14800000, 0x170b6400, 0x170b6400, 0x34800000)
 Metaspace       used 27118K, capacity 27435K, committed 27520K, reserved 28032K
}
Event: 83.765 GC heap before
{Heap before GC invocations=9 (full 2):
 def new generation   total 235968K, used 231881K [0x04800000, 0x14800000, 0x14800000)
  eden space 209792K, 100% used [0x04800000, 0x114e0000, 0x114e0000)
  from space 26176K,  84% used [0x12e70000, 0x14402798, 0x14800000)
  to   space 26176K,   0% used [0x114e0000, 0x114e0000, 0x12e70000)
 tenured generation   total 524288K, used 41689K [0x14800000, 0x34800000, 0x34800000)
   the space 524288K,   7% used [0x14800000, 0x170b6400, 0x170b6400, 0x34800000)
 Metaspace       used 28550K, capacity 28896K, committed 28928K, reserved 29056K
Event: 84.018 GC heap after
Heap after GC invocations=10 (full 2):
 def new generation   total 235968K, used 8251K [0x04800000, 0x14800000, 0x14800000)
  eden space 209792K,   0% used [0x04800000, 0x04800000, 0x114e0000)
  from space 26176K,  31% used [0x114e0000, 0x11ceefc0, 0x12e70000)
  to   space 26176K,   0% used [0x12e70000, 0x12e70000, 0x14800000)
 tenured generation   total 524288K, used 63698K [0x14800000, 0x34800000, 0x34800000)
   the space 524288K,  12% used [0x14800000, 0x186349e8, 0x18634a00, 0x34800000)
 Metaspace       used 28550K, capacity 28896K, committed 28928K, reserved 29056K
}
Event: 90.453 GC heap before
{Heap before GC invocations=10 (full 2):
 def new generation   total 235968K, used 218043K [0x04800000, 0x14800000, 0x14800000)
  eden space 209792K, 100% used [0x04800000, 0x114e0000, 0x114e0000)
  from space 26176K,  31% used [0x114e0000, 0x11ceefc0, 0x12e70000)
  to   space 26176K,   0% used [0x12e70000, 0x12e70000, 0x14800000)
 tenured generation   total 524288K, used 63698K [0x14800000, 0x34800000, 0x34800000)
   the space 524288K,  12% used [0x14800000, 0x186349e8, 0x18634a00, 0x34800000)
 Metaspace       used 30199K, capacity 30552K, committed 30592K, reserved 31104K
Event: 90.567 GC heap after
Heap after GC invocations=11 (full 2):
 def new generation   total 235968K, used 13169K [0x04800000, 0x14800000, 0x14800000)
  eden space 209792K,   0% used [0x04800000, 0x04800000, 0x114e0000)
  from space 26176K,  50% used [0x12e70000, 0x13b4c7d0, 0x14800000)
  to   space 26176K,   0% used [0x114e0000, 0x114e0000, 0x12e70000)
 tenured generation   total 524288K, used 63698K [0x14800000, 0x34800000, 0x34800000)
   the space 524288K,  12% used [0x14800000, 0x186349e8, 0x18634a00, 0x34800000)
 Metaspace       used 30199K, capacity 30552K, committed 30592K, reserved 31104K
}
Event: 96.546 GC heap before
{Heap before GC invocations=11 (full 2):
 def new generation   total 235968K, used 222961K [0x04800000, 0x14800000, 0x14800000)
  eden space 209792K, 100% used [0x04800000, 0x114e0000, 0x114e0000)
  from space 26176K,  50% used [0x12e70000, 0x13b4c7d0, 0x14800000)
  to   space 26176K,   0% used [0x114e0000, 0x114e0000, 0x12e70000)
 tenured generation   total 524288K, used 63698K [0x14800000, 0x34800000, 0x34800000)
   the space 524288K,  12% used [0x14800000, 0x186349e8, 0x18634a00, 0x34800000)
 Metaspace       used 31788K, capacity 32189K, committed 32256K, reserved 33152K
Event: 96.717 GC heap after
Heap after GC invocations=12 (full 2):
 def new generation   total 235968K, used 12156K [0x04800000, 0x14800000, 0x14800000)
  eden space 209792K,   0% used [0x04800000, 0x04800000, 0x114e0000)
  from space 26176K,  46% used [0x114e0000, 0x120bf160, 0x12e70000)
  to   space 26176K,   0% used [0x12e70000, 0x12e70000, 0x14800000)
 tenured generation   total 524288K, used 70006K [0x14800000, 0x34800000, 0x34800000)
   the space 524288K,  13% used [0x14800000, 0x18c5da20, 0x18c5dc00, 0x34800000)
 Metaspace       used 31788K, capacity 32189K, committed 32256K, reserved 33152K
}

