# JRE version: Java(TM) SE Runtime Environment (8.0_191-b12) (build 1.8.0_191-b12)
# Java VM: Java HotSpot(TM) Client VM (25.191-b12 mixed mode windows-x86 )
Heap:
 def new generation   total 235968K, used 183738K [0x04a00000, 0x14a00000, 0x14a00000)
  eden space 209792K,  81% used [0x04a00000, 0x0f1a7c68, 0x116e0000)
  from space 26176K,  46% used [0x13070000, 0x13c36e90, 0x14a00000)
  to   space 26176K,   0% used [0x116e0000, 0x116e0000, 0x13070000)
 tenured generation   total 524288K, used 68958K [0x14a00000, 0x34a00000, 0x34a00000)
   the space 524288K,  13% used [0x14a00000, 0x18d57958, 0x18d57a00, 0x34a00000)
 Metaspace       used 33512K, capacity 33932K, committed 34048K, reserved 34176K
GC Heap History (10 events):
Event: 71.964 GC heap before
{Heap before GC invocations=8 (full 2):
 def new generation   total 235968K, used 221289K [0x04a00000, 0x14a00000, 0x14a00000)
  eden space 209792K,  97% used [0x04a00000, 0x111fb0a8, 0x116e0000)
  from space 26176K,  63% used [0x116e0000, 0x126ff548, 0x13070000)
  to   space 26176K,   0% used [0x13070000, 0x13070000, 0x14a00000)
 tenured generation   total 524288K, used 25137K [0x14a00000, 0x34a00000, 0x34a00000)
   the space 524288K,   4% used [0x14a00000, 0x1628c4c0, 0x1628c600, 0x34a00000)
 Metaspace       used 26882K, capacity 27191K, committed 27264K, reserved 28032K
Event: 72.147 GC heap after
Heap after GC invocations=9 (full 2):
 def new generation   total 235968K, used 9420K [0x04a00000, 0x14a00000, 0x14a00000)
  eden space 209792K,   0% used [0x04a00000, 0x04a00000, 0x116e0000)
  from space 26176K,  35% used [0x13070000, 0x139a30a0, 0x14a00000)
  to   space 26176K,   0% used [0x116e0000, 0x116e0000, 0x13070000)
 tenured generation   total 524288K, used 40633K [0x14a00000, 0x34a00000, 0x34a00000)
   the space 524288K,   7% used [0x14a00000, 0x171ae778, 0x171ae800, 0x34a00000)
 Metaspace       used 26882K, capacity 27191K, committed 27264K, reserved 28032K
}
Event: 75.196 GC heap before
{Heap before GC invocations=9 (full 2):
 def new generation   total 235968K, used 213387K [0x04a00000, 0x14a00000, 0x14a00000)
  eden space 209792K,  97% used [0x04a00000, 0x1112fe10, 0x116e0000)
  from space 26176K,  35% used [0x13070000, 0x139a30a0, 0x14a00000)
  to   space 26176K,   0% used [0x116e0000, 0x116e0000, 0x13070000)
 tenured generation   total 524288K, used 40633K [0x14a00000, 0x34a00000, 0x34a00000)
   the space 524288K,   7% used [0x14a00000, 0x171ae778, 0x171ae800, 0x34a00000)
 Metaspace       used 27118K, capacity 27435K, committed 27520K, reserved 28032K
Event: 75.421 GC heap after
Heap after GC invocations=10 (full 2):
 def new generation   total 235968K, used 21907K [0x04a00000, 0x14a00000, 0x14a00000)
  eden space 209792K,   0% used [0x04a00000, 0x04a00000, 0x116e0000)
  from space 26176K,  83% used [0x116e0000, 0x12c44ee0, 0x13070000)
  to   space 26176K,   0% used [0x13070000, 0x13070000, 0x14a00000)
 tenured generation   total 524288K, used 40633K [0x14a00000, 0x34a00000, 0x34a00000)
   the space 524288K,   7% used [0x14a00000, 0x171ae778, 0x171ae800, 0x34a00000)
 Metaspace       used 27118K, capacity 27435K, committed 27520K, reserved 28032K
}
Event: 84.823 GC heap before
{Heap before GC invocations=10 (full 2):
 def new generation   total 235968K, used 231699K [0x04a00000, 0x14a00000, 0x14a00000)
  eden space 209792K, 100% used [0x04a00000, 0x116e0000, 0x116e0000)
  from space 26176K,  83% used [0x116e0000, 0x12c44ee0, 0x13070000)
  to   space 26176K,   0% used [0x13070000, 0x13070000, 0x14a00000)
 tenured generation   total 524288K, used 40633K [0x14a00000, 0x34a00000, 0x34a00000)
   the space 524288K,   7% used [0x14a00000, 0x171ae778, 0x171ae800, 0x34a00000)
 Metaspace       used 28622K, capacity 28976K, committed 29056K, reserved 29056K
Event: 85.097 GC heap after
Heap after GC invocations=11 (full 2):
 def new generation   total 235968K, used 8372K [0x04a00000, 0x14a00000, 0x14a00000)
  eden space 209792K,   0% used [0x04a00000, 0x04a00000, 0x116e0000)
  from space 26176K,  31% used [0x13070000, 0x1389d018, 0x14a00000)
  to   space 26176K,   0% used [0x116e0000, 0x116e0000, 0x13070000)
 tenured generation   total 524288K, used 62445K [0x14a00000, 0x34a00000, 0x34a00000)
   the space 524288K,  11% used [0x14a00000, 0x186fb6f8, 0x186fb800, 0x34a00000)
 Metaspace       used 28622K, capacity 28976K, committed 29056K, reserved 29056K
}
Event: 93.189 GC heap before
{Heap before GC invocations=11 (full 2):
 def new generation   total 235968K, used 218164K [0x04a00000, 0x14a00000, 0x14a00000)
  eden space 209792K, 100% used [0x04a00000, 0x116e0000, 0x116e0000)
  from space 26176K,  31% used [0x13070000, 0x1389d018, 0x14a00000)
  to   space 26176K,   0% used [0x116e0000, 0x116e0000, 0x13070000)
 tenured generation   total 524288K, used 62445K [0x14a00000, 0x34a00000, 0x34a00000)
   the space 524288K,  11% used [0x14a00000, 0x186fb6f8, 0x186fb800, 0x34a00000)
 Metaspace       used 30459K, capacity 30840K, committed 30976K, reserved 31104K
Event: 93.317 GC heap after
Heap after GC invocations=12 (full 2):
 def new generation   total 235968K, used 13457K [0x04a00000, 0x14a00000, 0x14a00000)
  eden space 209792K,   0% used [0x04a00000, 0x04a00000, 0x116e0000)
  from space 26176K,  51% used [0x116e0000, 0x12404558, 0x13070000)
  to   space 26176K,   0% used [0x13070000, 0x13070000, 0x14a00000)
 tenured generation   total 524288K, used 62445K [0x14a00000, 0x34a00000, 0x34a00000)
   the space 524288K,  11% used [0x14a00000, 0x186fb6f8, 0x186fb800, 0x34a00000)
 Metaspace       used 30459K, capacity 30840K, committed 30976K, reserved 31104K
}
Event: 102.191 GC heap before
{Heap before GC invocations=12 (full 2):
 def new generation   total 235968K, used 223249K [0x04a00000, 0x14a00000, 0x14a00000)
  eden space 209792K, 100% used [0x04a00000, 0x116e0000, 0x116e0000)
  from space 26176K,  51% used [0x116e0000, 0x12404558, 0x13070000)
  to   space 26176K,   0% used [0x13070000, 0x13070000, 0x14a00000)
 tenured generation   total 524288K, used 62445K [0x14a00000, 0x34a00000, 0x34a00000)
   the space 524288K,  11% used [0x14a00000, 0x186fb6f8, 0x186fb800, 0x34a00000)
 Metaspace       used 31842K, capacity 32221K, committed 32256K, reserved 33152K
Event: 102.405 GC heap after
Heap after GC invocations=13 (full 2):
 def new generation   total 235968K, used 12059K [0x04a00000, 0x14a00000, 0x14a00000)
  eden space 209792K,   0% used [0x04a00000, 0x04a00000, 0x116e0000)
  from space 26176K,  46% used [0x13070000, 0x13c36e90, 0x14a00000)
  to   space 26176K,   0% used [0x116e0000, 0x116e0000, 0x13070000)
 tenured generation   total 524288K, used 68958K [0x14a00000, 0x34a00000, 0x34a00000)
   the space 524288K,  13% used [0x14a00000, 0x18d57958, 0x18d57a00, 0x34a00000)
 Metaspace       used 31842K, capacity 32221K, committed 32256K, reserved 33152K
}

