# JRE version: Java(TM) SE Runtime Environment (8.0_191-b12) (build 1.8.0_191-b12)
# Java VM: Java HotSpot(TM) Client VM (25.191-b12 mixed mode windows-x86 )
Heap:
 def new generation   total 235968K, used 192017K [0x04800000, 0x14800000, 0x14800000)
  eden space 209792K,  85% used [0x04800000, 0x0f7a6368, 0x114e0000)
  from space 26176K,  46% used [0x114e0000, 0x120be1e8, 0x12e70000)
  to   space 26176K,   0% used [0x12e70000, 0x12e70000, 0x14800000)
 tenured generation   total 524288K, used 70127K [0x14800000, 0x34800000, 0x34800000)
   the space 524288K,  13% used [0x14800000, 0x18c7bd10, 0x18c7be00, 0x34800000)
 Metaspace       used 33502K, capacity 33900K, committed 33920K, reserved 34176K
GC Heap History (10 events):
Event: 58.951 GC heap before
{Heap before GC invocations=7 (full 2):
 def new generation   total 235968K, used 223651K [0x04800000, 0x14800000, 0x14800000)
  eden space 209792K,  98% used [0x04800000, 0x11132e38, 0x114e0000)
  from space 26176K,  67% used [0x12e70000, 0x13fa5e20, 0x14800000)
  to   space 26176K,   0% used [0x114e0000, 0x114e0000, 0x12e70000)
 tenured generation   total 524288K, used 25305K [0x14800000, 0x34800000, 0x34800000)
   the space 524288K,   4% used [0x14800000, 0x160b6530, 0x160b6600, 0x34800000)
 Metaspace       used 26872K, capacity 27191K, committed 27264K, reserved 28032K
Event: 59.104 GC heap after
Heap after GC invocations=8 (full 2):
 def new generation   total 235968K, used 9806K [0x04800000, 0x14800000, 0x14800000)
  eden space 209792K,   0% used [0x04800000, 0x04800000, 0x114e0000)
  from space 26176K,  37% used [0x114e0000, 0x11e739f0, 0x12e70000)
  to   space 26176K,   0% used [0x12e70000, 0x12e70000, 0x14800000)
 tenured generation   total 524288K, used 41814K [0x14800000, 0x34800000, 0x34800000)
   the space 524288K,   7% used [0x14800000, 0x170d5ad0, 0x170d5c00, 0x34800000)
 Metaspace       used 26872K, capacity 27191K, committed 27264K, reserved 28032K
}
Event: 60.672 GC heap before
{Heap before GC invocations=8 (full 2):
 def new generation   total 235968K, used 213349K [0x04800000, 0x14800000, 0x14800000)
  eden space 209792K,  97% used [0x04800000, 0x10ec5b00, 0x114e0000)
  from space 26176K,  37% used [0x114e0000, 0x11e739f0, 0x12e70000)
  to   space 26176K,   0% used [0x12e70000, 0x12e70000, 0x14800000)
 tenured generation   total 524288K, used 41814K [0x14800000, 0x34800000, 0x34800000)
   the space 524288K,   7% used [0x14800000, 0x170d5ad0, 0x170d5c00, 0x34800000)
 Metaspace       used 27112K, capacity 27435K, committed 27520K, reserved 28032K
Event: 60.858 GC heap after
Heap after GC invocations=9 (full 2):
 def new generation   total 235968K, used 22086K [0x04800000, 0x14800000, 0x14800000)
  eden space 209792K,   0% used [0x04800000, 0x04800000, 0x114e0000)
  from space 26176K,  84% used [0x12e70000, 0x14401b48, 0x14800000)
  to   space 26176K,   0% used [0x114e0000, 0x114e0000, 0x12e70000)
 tenured generation   total 524288K, used 41814K [0x14800000, 0x34800000, 0x34800000)
   the space 524288K,   7% used [0x14800000, 0x170d5ad0, 0x170d5c00, 0x34800000)
 Metaspace       used 27112K, capacity 27435K, committed 27520K, reserved 28032K
}
Event: 66.951 GC heap before
{Heap before GC invocations=9 (full 2):
 def new generation   total 235968K, used 231878K [0x04800000, 0x14800000, 0x14800000)
  eden space 209792K, 100% used [0x04800000, 0x114e0000, 0x114e0000)
  from space 26176K,  84% used [0x12e70000, 0x14401b48, 0x14800000)
  to   space 26176K,   0% used [0x114e0000, 0x114e0000, 0x12e70000)
 tenured generation   total 524288K, used 41814K [0x14800000, 0x34800000, 0x34800000)
   the space 524288K,   7% used [0x14800000, 0x170d5ad0, 0x170d5c00, 0x34800000)
 Metaspace       used 28537K, capacity 28896K, committed 28928K, reserved 29056K
Event: 67.203 GC heap after
Heap after GC invocations=10 (full 2):
 def new generation   total 235968K, used 8253K [0x04800000, 0x14800000, 0x14800000)
  eden space 209792K,   0% used [0x04800000, 0x04800000, 0x114e0000)
  from space 26176K,  31% used [0x114e0000, 0x11cef6b8, 0x12e70000)
  to   space 26176K,   0% used [0x12e70000, 0x12e70000, 0x14800000)
 tenured generation   total 524288K, used 63821K [0x14800000, 0x34800000, 0x34800000)
   the space 524288K,  12% used [0x14800000, 0x186535d0, 0x18653600, 0x34800000)
 Metaspace       used 28537K, capacity 28896K, committed 28928K, reserved 29056K
}
Event: 73.925 GC heap before
{Heap before GC invocations=10 (full 2):
 def new generation   total 235968K, used 218045K [0x04800000, 0x14800000, 0x14800000)
  eden space 209792K, 100% used [0x04800000, 0x114e0000, 0x114e0000)
  from space 26176K,  31% used [0x114e0000, 0x11cef6b8, 0x12e70000)
  to   space 26176K,   0% used [0x12e70000, 0x12e70000, 0x14800000)
 tenured generation   total 524288K, used 63821K [0x14800000, 0x34800000, 0x34800000)
   the space 524288K,  12% used [0x14800000, 0x186535d0, 0x18653600, 0x34800000)
 Metaspace       used 30189K, capacity 30552K, committed 30592K, reserved 31104K
Event: 74.037 GC heap after
Heap after GC invocations=11 (full 2):
 def new generation   total 235968K, used 13156K [0x04800000, 0x14800000, 0x14800000)
  eden space 209792K,   0% used [0x04800000, 0x04800000, 0x114e0000)
  from space 26176K,  50% used [0x12e70000, 0x13b49148, 0x14800000)
  to   space 26176K,   0% used [0x114e0000, 0x114e0000, 0x12e70000)
 tenured generation   total 524288K, used 63821K [0x14800000, 0x34800000, 0x34800000)
   the space 524288K,  12% used [0x14800000, 0x186535d0, 0x18653600, 0x34800000)
 Metaspace       used 30189K, capacity 30552K, committed 30592K, reserved 31104K
}
Event: 81.027 GC heap before
{Heap before GC invocations=11 (full 2):
 def new generation   total 235968K, used 222948K [0x04800000, 0x14800000, 0x14800000)
  eden space 209792K, 100% used [0x04800000, 0x114e0000, 0x114e0000)
  from space 26176K,  50% used [0x12e70000, 0x13b49148, 0x14800000)
  to   space 26176K,   0% used [0x114e0000, 0x114e0000, 0x12e70000)
 tenured generation   total 524288K, used 63821K [0x14800000, 0x34800000, 0x34800000)
   the space 524288K,  12% used [0x14800000, 0x186535d0, 0x18653600, 0x34800000)
 Metaspace       used 31776K, capacity 32157K, committed 32256K, reserved 33152K
Event: 81.197 GC heap after
Heap after GC invocations=12 (full 2):
 def new generation   total 235968K, used 12152K [0x04800000, 0x14800000, 0x14800000)
  eden space 209792K,   0% used [0x04800000, 0x04800000, 0x114e0000)
  from space 26176K,  46% used [0x114e0000, 0x120be1e8, 0x12e70000)
  to   space 26176K,   0% used [0x12e70000, 0x12e70000, 0x14800000)
 tenured generation   total 524288K, used 70127K [0x14800000, 0x34800000, 0x34800000)
   the space 524288K,  13% used [0x14800000, 0x18c7bd10, 0x18c7be00, 0x34800000)
 Metaspace       used 31776K, capacity 32157K, committed 32256K, reserved 33152K
}

